<?xml version="1.0" encoding="UTF-8"?>
<!-- Generated by org.testng.reporters.JUnitReportReporter -->
<testsuite hostname="Sasikumar" failures="0" tests="1" name="org.pro.tests.NinjaTutorialsMain" time="1.869" errors="0" timestamp="2025-07-17T03:09:13 IST" skipped="0">
  <testcase classname="org.pro.tests.NinjaTutorialsMain" name="TaskOne" time="1.869"/>
</testsuite> <!-- org.pro.tests.NinjaTutorialsMain -->
